This file contains any messages produced by compilers while
running configure, to aid debugging if configure makes a mistake.

It was created by smartmontools configure 6.2, which was
generated by GNU Autoconf 2.69.  Invocation command line was

  $ ./configure CFLAGS=-m32 CXXFLAGS=-m32 LDFLAGS=-m32

## --------- ##
## Platform. ##
## --------- ##

hostname = biostar
uname -m = x86_64
uname -r = 3.10.0
uname -s = Linux
uname -v = #1 SMP Mon Jul 8 19:41:09 SGT 2013

/usr/bin/uname -p = unknown
/bin/uname -X     = unknown

/bin/arch              = unknown
/usr/bin/arch -k       = unknown
/usr/convex/getsysinfo = unknown
/usr/bin/hostinfo      = unknown
/bin/machine           = unknown
/usr/bin/oslevel       = unknown
/bin/universe          = unknown

PATH: /usr/local/bin
PATH: /usr/bin
PATH: /bin
PATH: /usr/local/games
PATH: /usr/games


## ----------- ##
## Core tests. ##
## ----------- ##

configure:2476: checking for a BSD-compatible install
configure:2544: result: /usr/bin/install -c
configure:2555: checking whether build environment is sane
configure:2610: result: yes
configure:2761: checking for a thread-safe mkdir -p
configure:2800: result: /bin/mkdir -p
configure:2807: checking for gawk
configure:2823: found /usr/bin/gawk
configure:2834: result: gawk
configure:2845: checking whether make sets $(MAKE)
configure:2867: result: yes
configure:2955: checking whether to enable maintainer-specific portions of Makefiles
configure:2964: result: no
configure:3042: checking for g++
configure:3058: found /usr/bin/g++
configure:3069: result: g++
configure:3096: checking for C++ compiler version
configure:3105: g++ --version >&5
g++ (Debian 4.7.3-4) 4.7.3
Copyright (C) 2012 Free Software Foundation, Inc.
This is free software; see the source for copying conditions.  There is NO
warranty; not even for MERCHANTABILITY or FITNESS FOR A PARTICULAR PURPOSE.

configure:3116: $? = 0
configure:3105: g++ -v >&5
Using built-in specs.
COLLECT_GCC=g++
COLLECT_LTO_WRAPPER=/usr/lib/gcc/x86_64-linux-gnu/4.7/lto-wrapper
Target: x86_64-linux-gnu
Configured with: ../src/configure -v --with-pkgversion='Debian 4.7.3-4' --with-bugurl=file:///usr/share/doc/gcc-4.7/README.Bugs --enable-languages=c,c++,go,fortran,objc,obj-c++ --prefix=/usr --program-suffix=-4.7 --enable-shared --enable-linker-build-id --libexecdir=/usr/lib --without-included-gettext --enable-threads=posix --with-gxx-include-dir=/usr/include/c++/4.7 --libdir=/usr/lib --enable-nls --with-sysroot=/ --enable-clocale=gnu --enable-libstdcxx-debug --enable-libstdcxx-time=yes --enable-gnu-unique-object --enable-plugin --with-system-zlib --enable-objc-gc --with-cloog --enable-cloog-backend=ppl --disable-cloog-version-check --disable-ppl-version-check --enable-multiarch --with-arch-32=i586 --with-abi=m64 --with-multilib-list=m32,m64,mx32 --with-tune=generic --enable-checking=release --build=x86_64-linux-gnu --host=x86_64-linux-gnu --target=x86_64-linux-gnu
Thread model: posix
gcc version 4.7.3 (Debian 4.7.3-4) 
configure:3116: $? = 0
configure:3105: g++ -V >&5
g++: error: unrecognized command line option '-V'
g++: fatal error: no input files
compilation terminated.
configure:3116: $? = 4
configure:3105: g++ -qversion >&5
g++: error: unrecognized command line option '-qversion'
g++: fatal error: no input files
compilation terminated.
configure:3116: $? = 4
configure:3136: checking whether the C++ compiler works
configure:3158: g++ -m32  -m32 conftest.cpp  >&5
configure:3162: $? = 0
configure:3210: result: yes
configure:3213: checking for C++ compiler default output file name
configure:3215: result: a.out
configure:3221: checking for suffix of executables
configure:3228: g++ -o conftest -m32  -m32 conftest.cpp  >&5
configure:3232: $? = 0
configure:3254: result: 
configure:3276: checking whether we are cross compiling
configure:3284: g++ -o conftest -m32  -m32 conftest.cpp  >&5
configure:3288: $? = 0
configure:3295: ./conftest
configure:3299: $? = 0
configure:3314: result: no
configure:3319: checking for suffix of object files
configure:3341: g++ -c -m32  conftest.cpp >&5
configure:3345: $? = 0
configure:3366: result: o
configure:3370: checking whether we are using the GNU C++ compiler
configure:3389: g++ -c -m32  conftest.cpp >&5
configure:3389: $? = 0
configure:3398: result: yes
configure:3407: checking whether g++ accepts -g
configure:3427: g++ -c -g  conftest.cpp >&5
configure:3427: $? = 0
configure:3468: result: yes
configure:3502: checking for style of include used by make
configure:3530: result: GNU
configure:3556: checking dependency style of g++
configure:3667: result: gcc3
configure:3730: checking for gcc
configure:3746: found /usr/bin/gcc
configure:3757: result: gcc
configure:3986: checking for C compiler version
configure:3995: gcc --version >&5
gcc (Debian 4.7.3-4) 4.7.3
Copyright (C) 2012 Free Software Foundation, Inc.
This is free software; see the source for copying conditions.  There is NO
warranty; not even for MERCHANTABILITY or FITNESS FOR A PARTICULAR PURPOSE.

configure:4006: $? = 0
configure:3995: gcc -v >&5
Using built-in specs.
COLLECT_GCC=gcc
COLLECT_LTO_WRAPPER=/usr/lib/gcc/x86_64-linux-gnu/4.7/lto-wrapper
Target: x86_64-linux-gnu
Configured with: ../src/configure -v --with-pkgversion='Debian 4.7.3-4' --with-bugurl=file:///usr/share/doc/gcc-4.7/README.Bugs --enable-languages=c,c++,go,fortran,objc,obj-c++ --prefix=/usr --program-suffix=-4.7 --enable-shared --enable-linker-build-id --libexecdir=/usr/lib --without-included-gettext --enable-threads=posix --with-gxx-include-dir=/usr/include/c++/4.7 --libdir=/usr/lib --enable-nls --with-sysroot=/ --enable-clocale=gnu --enable-libstdcxx-debug --enable-libstdcxx-time=yes --enable-gnu-unique-object --enable-plugin --with-system-zlib --enable-objc-gc --with-cloog --enable-cloog-backend=ppl --disable-cloog-version-check --disable-ppl-version-check --enable-multiarch --with-arch-32=i586 --with-abi=m64 --with-multilib-list=m32,m64,mx32 --with-tune=generic --enable-checking=release --build=x86_64-linux-gnu --host=x86_64-linux-gnu --target=x86_64-linux-gnu
Thread model: posix
gcc version 4.7.3 (Debian 4.7.3-4) 
configure:4006: $? = 0
configure:3995: gcc -V >&5
gcc: error: unrecognized command line option '-V'
gcc: fatal error: no input files
compilation terminated.
configure:4006: $? = 4
configure:3995: gcc -qversion >&5
gcc: error: unrecognized command line option '-qversion'
gcc: fatal error: no input files
compilation terminated.
configure:4006: $? = 4
configure:4010: checking whether we are using the GNU C compiler
configure:4029: gcc -c -m32  conftest.c >&5
configure:4029: $? = 0
configure:4038: result: yes
configure:4047: checking whether gcc accepts -g
configure:4067: gcc -c -g  conftest.c >&5
configure:4067: $? = 0
configure:4108: result: yes
configure:4125: checking for gcc option to accept ISO C89
configure:4188: gcc  -c -m32  conftest.c >&5
configure:4188: $? = 0
configure:4201: result: none needed
configure:4223: checking dependency style of gcc
configure:4334: result: gcc3
configure:4358: checking dependency style of gcc
configure:4467: result: gcc3
configure:4539: checking for pkg-config
configure:4557: found /usr/bin/pkg-config
configure:4569: result: /usr/bin/pkg-config
configure:4594: checking pkg-config is at least version 0.9.0
configure:4597: result: yes
configure:4616: checking build system type
configure:4630: result: x86_64-unknown-linux-gnu
configure:4650: checking host system type
configure:4663: result: x86_64-unknown-linux-gnu
configure:4890: checking whether this is a build from SVN
configure:4916: result: no
configure:4929: checking how to run the C++ preprocessor
configure:4956: g++ -E  conftest.cpp
configure:4956: $? = 0
configure:4970: g++ -E  conftest.cpp
conftest.cpp:17:28: fatal error: ac_nonexistent.h: No such file or directory
compilation terminated.
configure:4970: $? = 1
configure: failed program was:
| /* confdefs.h */
| #define PACKAGE_NAME "smartmontools"
| #define PACKAGE_TARNAME "smartmontools"
| #define PACKAGE_VERSION "6.2"
| #define PACKAGE_STRING "smartmontools 6.2"
| #define PACKAGE_BUGREPORT "smartmontools-support@lists.sourceforge.net"
| #define PACKAGE_URL ""
| #define SMARTMONTOOLS_CONFIGURE_ARGS " 'CFLAGS=-m32' 'CXXFLAGS=-m32' 'LDFLAGS=-m32'"
| #define SMARTMONTOOLS_CONFIGURE_DATE "2013-10-29 13:12:23 UTC"
| #define SMARTMONTOOLS_RELEASE_DATE "2013-07-26"
| #define SMARTMONTOOLS_RELEASE_TIME "17:38:20 UTC"
| #define CONFIG_H_CVSID "$Id: configure.ac 3841 2013-07-26 17:38:57Z chrfranke $"
| #define PACKAGE_HOMEPAGE "http://smartmontools.sourceforge.net/"
| #define PACKAGE "smartmontools"
| #define VERSION "6.2"
| /* end confdefs.h.  */
| #include <ac_nonexistent.h>
configure:4995: result: g++ -E
configure:5015: g++ -E  conftest.cpp
configure:5015: $? = 0
configure:5029: g++ -E  conftest.cpp
conftest.cpp:17:28: fatal error: ac_nonexistent.h: No such file or directory
compilation terminated.
configure:5029: $? = 1
configure: failed program was:
| /* confdefs.h */
| #define PACKAGE_NAME "smartmontools"
| #define PACKAGE_TARNAME "smartmontools"
| #define PACKAGE_VERSION "6.2"
| #define PACKAGE_STRING "smartmontools 6.2"
| #define PACKAGE_BUGREPORT "smartmontools-support@lists.sourceforge.net"
| #define PACKAGE_URL ""
| #define SMARTMONTOOLS_CONFIGURE_ARGS " 'CFLAGS=-m32' 'CXXFLAGS=-m32' 'LDFLAGS=-m32'"
| #define SMARTMONTOOLS_CONFIGURE_DATE "2013-10-29 13:12:23 UTC"
| #define SMARTMONTOOLS_RELEASE_DATE "2013-07-26"
| #define SMARTMONTOOLS_RELEASE_TIME "17:38:20 UTC"
| #define CONFIG_H_CVSID "$Id: configure.ac 3841 2013-07-26 17:38:57Z chrfranke $"
| #define PACKAGE_HOMEPAGE "http://smartmontools.sourceforge.net/"
| #define PACKAGE "smartmontools"
| #define VERSION "6.2"
| /* end confdefs.h.  */
| #include <ac_nonexistent.h>
configure:5058: checking for grep that handles long lines and -e
configure:5116: result: /bin/grep
configure:5121: checking for egrep
configure:5183: result: /bin/grep -E
configure:5188: checking for ANSI C header files
configure:5208: g++ -c -m32  conftest.cpp >&5
configure:5208: $? = 0
configure:5281: g++ -o conftest -m32  -m32 conftest.cpp  >&5
configure:5281: $? = 0
configure:5281: ./conftest
configure:5281: $? = 0
configure:5292: result: yes
configure:5305: checking for sys/types.h
configure:5305: g++ -c -m32  conftest.cpp >&5
configure:5305: $? = 0
configure:5305: result: yes
configure:5305: checking for sys/stat.h
configure:5305: g++ -c -m32  conftest.cpp >&5
configure:5305: $? = 0
configure:5305: result: yes
configure:5305: checking for stdlib.h
configure:5305: g++ -c -m32  conftest.cpp >&5
configure:5305: $? = 0
configure:5305: result: yes
configure:5305: checking for string.h
configure:5305: g++ -c -m32  conftest.cpp >&5
configure:5305: $? = 0
configure:5305: result: yes
configure:5305: checking for memory.h
configure:5305: g++ -c -m32  conftest.cpp >&5
configure:5305: $? = 0
configure:5305: result: yes
configure:5305: checking for strings.h
configure:5305: g++ -c -m32  conftest.cpp >&5
configure:5305: $? = 0
configure:5305: result: yes
configure:5305: checking for inttypes.h
configure:5305: g++ -c -m32  conftest.cpp >&5
configure:5305: $? = 0
configure:5305: result: yes
configure:5305: checking for stdint.h
configure:5305: g++ -c -m32  conftest.cpp >&5
configure:5305: $? = 0
configure:5305: result: yes
configure:5305: checking for unistd.h
configure:5305: g++ -c -m32  conftest.cpp >&5
configure:5305: $? = 0
configure:5305: result: yes
configure:5319: checking locale.h usability
configure:5319: g++ -c -m32  conftest.cpp >&5
configure:5319: $? = 0
configure:5319: result: yes
configure:5319: checking locale.h presence
configure:5319: g++ -E  conftest.cpp
configure:5319: $? = 0
configure:5319: result: yes
configure:5319: checking for locale.h
configure:5319: result: yes
configure:5331: checking dev/ata/atavar.h usability
configure:5331: g++ -c -m32  conftest.cpp >&5
conftest.cpp:61:28: fatal error: dev/ata/atavar.h: No such file or directory
compilation terminated.
configure:5331: $? = 1
configure: failed program was:
| /* confdefs.h */
| #define PACKAGE_NAME "smartmontools"
| #define PACKAGE_TARNAME "smartmontools"
| #define PACKAGE_VERSION "6.2"
| #define PACKAGE_STRING "smartmontools 6.2"
| #define PACKAGE_BUGREPORT "smartmontools-support@lists.sourceforge.net"
| #define PACKAGE_URL ""
| #define SMARTMONTOOLS_CONFIGURE_ARGS " 'CFLAGS=-m32' 'CXXFLAGS=-m32' 'LDFLAGS=-m32'"
| #define SMARTMONTOOLS_CONFIGURE_DATE "2013-10-29 13:12:23 UTC"
| #define SMARTMONTOOLS_RELEASE_DATE "2013-07-26"
| #define SMARTMONTOOLS_RELEASE_TIME "17:38:20 UTC"
| #define CONFIG_H_CVSID "$Id: configure.ac 3841 2013-07-26 17:38:57Z chrfranke $"
| #define PACKAGE_HOMEPAGE "http://smartmontools.sourceforge.net/"
| #define PACKAGE "smartmontools"
| #define VERSION "6.2"
| #define STDC_HEADERS 1
| #define HAVE_SYS_TYPES_H 1
| #define HAVE_SYS_STAT_H 1
| #define HAVE_STDLIB_H 1
| #define HAVE_STRING_H 1
| #define HAVE_MEMORY_H 1
| #define HAVE_STRINGS_H 1
| #define HAVE_INTTYPES_H 1
| #define HAVE_STDINT_H 1
| #define HAVE_UNISTD_H 1
| #define HAVE_LOCALE_H 1
| /* end confdefs.h.  */
| #include <stdio.h>
| #ifdef HAVE_SYS_TYPES_H
| # include <sys/types.h>
| #endif
| #ifdef HAVE_SYS_STAT_H
| # include <sys/stat.h>
| #endif
| #ifdef STDC_HEADERS
| # include <stdlib.h>
| # include <stddef.h>
| #else
| # ifdef HAVE_STDLIB_H
| #  include <stdlib.h>
| # endif
| #endif
| #ifdef HAVE_STRING_H
| # if !defined STDC_HEADERS && defined HAVE_MEMORY_H
| #  include <memory.h>
| # endif
| # include <string.h>
| #endif
| #ifdef HAVE_STRINGS_H
| # include <strings.h>
| #endif
| #ifdef HAVE_INTTYPES_H
| # include <inttypes.h>
| #endif
| #ifdef HAVE_STDINT_H
| # include <stdint.h>
| #endif
| #ifdef HAVE_UNISTD_H
| # include <unistd.h>
| #endif
| #include <dev/ata/atavar.h>
configure:5331: result: no
configure:5331: checking dev/ata/atavar.h presence
configure:5331: g++ -E  conftest.cpp
conftest.cpp:28:28: fatal error: dev/ata/atavar.h: No such file or directory
compilation terminated.
configure:5331: $? = 1
configure: failed program was:
| /* confdefs.h */
| #define PACKAGE_NAME "smartmontools"
| #define PACKAGE_TARNAME "smartmontools"
| #define PACKAGE_VERSION "6.2"
| #define PACKAGE_STRING "smartmontools 6.2"
| #define PACKAGE_BUGREPORT "smartmontools-support@lists.sourceforge.net"
| #define PACKAGE_URL ""
| #define SMARTMONTOOLS_CONFIGURE_ARGS " 'CFLAGS=-m32' 'CXXFLAGS=-m32' 'LDFLAGS=-m32'"
| #define SMARTMONTOOLS_CONFIGURE_DATE "2013-10-29 13:12:23 UTC"
| #define SMARTMONTOOLS_RELEASE_DATE "2013-07-26"
| #define SMARTMONTOOLS_RELEASE_TIME "17:38:20 UTC"
| #define CONFIG_H_CVSID "$Id: configure.ac 3841 2013-07-26 17:38:57Z chrfranke $"
| #define PACKAGE_HOMEPAGE "http://smartmontools.sourceforge.net/"
| #define PACKAGE "smartmontools"
| #define VERSION "6.2"
| #define STDC_HEADERS 1
| #define HAVE_SYS_TYPES_H 1
| #define HAVE_SYS_STAT_H 1
| #define HAVE_STDLIB_H 1
| #define HAVE_STRING_H 1
| #define HAVE_MEMORY_H 1
| #define HAVE_STRINGS_H 1
| #define HAVE_INTTYPES_H 1
| #define HAVE_STDINT_H 1
| #define HAVE_UNISTD_H 1
| #define HAVE_LOCALE_H 1
| /* end confdefs.h.  */
| #include <dev/ata/atavar.h>
configure:5331: result: no
configure:5331: checking for dev/ata/atavar.h
configure:5331: result: no
configure:5343: checking netdb.h usability
configure:5343: g++ -c -m32  conftest.cpp >&5
configure:5343: $? = 0
configure:5343: result: yes
configure:5343: checking netdb.h presence
configure:5343: g++ -E  conftest.cpp
configure:5343: $? = 0
configure:5343: result: yes
configure:5343: checking for netdb.h
configure:5343: result: yes
configure:5355: checking for inttypes.h
configure:5355: result: yes
configure:5366: checking for stdint.h
configure:5366: result: yes
configure:5377: checking sys/inttypes.h usability
configure:5377: g++ -c -m32  conftest.cpp >&5
conftest.cpp:64:26: fatal error: sys/inttypes.h: No such file or directory
compilation terminated.
configure:5377: $? = 1
configure: failed program was:
| /* confdefs.h */
| #define PACKAGE_NAME "smartmontools"
| #define PACKAGE_TARNAME "smartmontools"
| #define PACKAGE_VERSION "6.2"
| #define PACKAGE_STRING "smartmontools 6.2"
| #define PACKAGE_BUGREPORT "smartmontools-support@lists.sourceforge.net"
| #define PACKAGE_URL ""
| #define SMARTMONTOOLS_CONFIGURE_ARGS " 'CFLAGS=-m32' 'CXXFLAGS=-m32' 'LDFLAGS=-m32'"
| #define SMARTMONTOOLS_CONFIGURE_DATE "2013-10-29 13:12:23 UTC"
| #define SMARTMONTOOLS_RELEASE_DATE "2013-07-26"
| #define SMARTMONTOOLS_RELEASE_TIME "17:38:20 UTC"
| #define CONFIG_H_CVSID "$Id: configure.ac 3841 2013-07-26 17:38:57Z chrfranke $"
| #define PACKAGE_HOMEPAGE "http://smartmontools.sourceforge.net/"
| #define PACKAGE "smartmontools"
| #define VERSION "6.2"
| #define STDC_HEADERS 1
| #define HAVE_SYS_TYPES_H 1
| #define HAVE_SYS_STAT_H 1
| #define HAVE_STDLIB_H 1
| #define HAVE_STRING_H 1
| #define HAVE_MEMORY_H 1
| #define HAVE_STRINGS_H 1
| #define HAVE_INTTYPES_H 1
| #define HAVE_STDINT_H 1
| #define HAVE_UNISTD_H 1
| #define HAVE_LOCALE_H 1
| #define HAVE_NETDB_H 1
| #define HAVE_INTTYPES_H 1
| #define HAVE_STDINT_H 1
| /* end confdefs.h.  */
| #include <stdio.h>
| #ifdef HAVE_SYS_TYPES_H
| # include <sys/types.h>
| #endif
| #ifdef HAVE_SYS_STAT_H
| # include <sys/stat.h>
| #endif
| #ifdef STDC_HEADERS
| # include <stdlib.h>
| # include <stddef.h>
| #else
| # ifdef HAVE_STDLIB_H
| #  include <stdlib.h>
| # endif
| #endif
| #ifdef HAVE_STRING_H
| # if !defined STDC_HEADERS && defined HAVE_MEMORY_H
| #  include <memory.h>
| # endif
| # include <string.h>
| #endif
| #ifdef HAVE_STRINGS_H
| # include <strings.h>
| #endif
| #ifdef HAVE_INTTYPES_H
| # include <inttypes.h>
| #endif
| #ifdef HAVE_STDINT_H
| # include <stdint.h>
| #endif
| #ifdef HAVE_UNISTD_H
| # include <unistd.h>
| #endif
| #include <sys/inttypes.h>
configure:5377: result: no
configure:5377: checking sys/inttypes.h presence
configure:5377: g++ -E  conftest.cpp
conftest.cpp:31:26: fatal error: sys/inttypes.h: No such file or directory
compilation terminated.
configure:5377: $? = 1
configure: failed program was:
| /* confdefs.h */
| #define PACKAGE_NAME "smartmontools"
| #define PACKAGE_TARNAME "smartmontools"
| #define PACKAGE_VERSION "6.2"
| #define PACKAGE_STRING "smartmontools 6.2"
| #define PACKAGE_BUGREPORT "smartmontools-support@lists.sourceforge.net"
| #define PACKAGE_URL ""
| #define SMARTMONTOOLS_CONFIGURE_ARGS " 'CFLAGS=-m32' 'CXXFLAGS=-m32' 'LDFLAGS=-m32'"
| #define SMARTMONTOOLS_CONFIGURE_DATE "2013-10-29 13:12:23 UTC"
| #define SMARTMONTOOLS_RELEASE_DATE "2013-07-26"
| #define SMARTMONTOOLS_RELEASE_TIME "17:38:20 UTC"
| #define CONFIG_H_CVSID "$Id: configure.ac 3841 2013-07-26 17:38:57Z chrfranke $"
| #define PACKAGE_HOMEPAGE "http://smartmontools.sourceforge.net/"
| #define PACKAGE "smartmontools"
| #define VERSION "6.2"
| #define STDC_HEADERS 1
| #define HAVE_SYS_TYPES_H 1
| #define HAVE_SYS_STAT_H 1
| #define HAVE_STDLIB_H 1
| #define HAVE_STRING_H 1
| #define HAVE_MEMORY_H 1
| #define HAVE_STRINGS_H 1
| #define HAVE_INTTYPES_H 1
| #define HAVE_STDINT_H 1
| #define HAVE_UNISTD_H 1
| #define HAVE_LOCALE_H 1
| #define HAVE_NETDB_H 1
| #define HAVE_INTTYPES_H 1
| #define HAVE_STDINT_H 1
| /* end confdefs.h.  */
| #include <sys/inttypes.h>
configure:5377: result: no
configure:5377: checking for sys/inttypes.h
configure:5377: result: no
configure:5388: checking sys/int_types.h usability
configure:5388: g++ -c -m32  conftest.cpp >&5
conftest.cpp:64:27: fatal error: sys/int_types.h: No such file or directory
compilation terminated.
configure:5388: $? = 1
configure: failed program was:
| /* confdefs.h */
| #define PACKAGE_NAME "smartmontools"
| #define PACKAGE_TARNAME "smartmontools"
| #define PACKAGE_VERSION "6.2"
| #define PACKAGE_STRING "smartmontools 6.2"
| #define PACKAGE_BUGREPORT "smartmontools-support@lists.sourceforge.net"
| #define PACKAGE_URL ""
| #define SMARTMONTOOLS_CONFIGURE_ARGS " 'CFLAGS=-m32' 'CXXFLAGS=-m32' 'LDFLAGS=-m32'"
| #define SMARTMONTOOLS_CONFIGURE_DATE "2013-10-29 13:12:23 UTC"
| #define SMARTMONTOOLS_RELEASE_DATE "2013-07-26"
| #define SMARTMONTOOLS_RELEASE_TIME "17:38:20 UTC"
| #define CONFIG_H_CVSID "$Id: configure.ac 3841 2013-07-26 17:38:57Z chrfranke $"
| #define PACKAGE_HOMEPAGE "http://smartmontools.sourceforge.net/"
| #define PACKAGE "smartmontools"
| #define VERSION "6.2"
| #define STDC_HEADERS 1
| #define HAVE_SYS_TYPES_H 1
| #define HAVE_SYS_STAT_H 1
| #define HAVE_STDLIB_H 1
| #define HAVE_STRING_H 1
| #define HAVE_MEMORY_H 1
| #define HAVE_STRINGS_H 1
| #define HAVE_INTTYPES_H 1
| #define HAVE_STDINT_H 1
| #define HAVE_UNISTD_H 1
| #define HAVE_LOCALE_H 1
| #define HAVE_NETDB_H 1
| #define HAVE_INTTYPES_H 1
| #define HAVE_STDINT_H 1
| /* end confdefs.h.  */
| #include <stdio.h>
| #ifdef HAVE_SYS_TYPES_H
| # include <sys/types.h>
| #endif
| #ifdef HAVE_SYS_STAT_H
| # include <sys/stat.h>
| #endif
| #ifdef STDC_HEADERS
| # include <stdlib.h>
| # include <stddef.h>
| #else
| # ifdef HAVE_STDLIB_H
| #  include <stdlib.h>
| # endif
| #endif
| #ifdef HAVE_STRING_H
| # if !defined STDC_HEADERS && defined HAVE_MEMORY_H
| #  include <memory.h>
| # endif
| # include <string.h>
| #endif
| #ifdef HAVE_STRINGS_H
| # include <strings.h>
| #endif
| #ifdef HAVE_INTTYPES_H
| # include <inttypes.h>
| #endif
| #ifdef HAVE_STDINT_H
| # include <stdint.h>
| #endif
| #ifdef HAVE_UNISTD_H
| # include <unistd.h>
| #endif
| #include <sys/int_types.h>
configure:5388: result: no
configure:5388: checking sys/int_types.h presence
configure:5388: g++ -E  conftest.cpp
conftest.cpp:31:27: fatal error: sys/int_types.h: No such file or directory
compilation terminated.
configure:5388: $? = 1
configure: failed program was:
| /* confdefs.h */
| #define PACKAGE_NAME "smartmontools"
| #define PACKAGE_TARNAME "smartmontools"
| #define PACKAGE_VERSION "6.2"
| #define PACKAGE_STRING "smartmontools 6.2"
| #define PACKAGE_BUGREPORT "smartmontools-support@lists.sourceforge.net"
| #define PACKAGE_URL ""
| #define SMARTMONTOOLS_CONFIGURE_ARGS " 'CFLAGS=-m32' 'CXXFLAGS=-m32' 'LDFLAGS=-m32'"
| #define SMARTMONTOOLS_CONFIGURE_DATE "2013-10-29 13:12:23 UTC"
| #define SMARTMONTOOLS_RELEASE_DATE "2013-07-26"
| #define SMARTMONTOOLS_RELEASE_TIME "17:38:20 UTC"
| #define CONFIG_H_CVSID "$Id: configure.ac 3841 2013-07-26 17:38:57Z chrfranke $"
| #define PACKAGE_HOMEPAGE "http://smartmontools.sourceforge.net/"
| #define PACKAGE "smartmontools"
| #define VERSION "6.2"
| #define STDC_HEADERS 1
| #define HAVE_SYS_TYPES_H 1
| #define HAVE_SYS_STAT_H 1
| #define HAVE_STDLIB_H 1
| #define HAVE_STRING_H 1
| #define HAVE_MEMORY_H 1
| #define HAVE_STRINGS_H 1
| #define HAVE_INTTYPES_H 1
| #define HAVE_STDINT_H 1
| #define HAVE_UNISTD_H 1
| #define HAVE_LOCALE_H 1
| #define HAVE_NETDB_H 1
| #define HAVE_INTTYPES_H 1
| #define HAVE_STDINT_H 1
| /* end confdefs.h.  */
| #include <sys/int_types.h>
configure:5388: result: no
configure:5388: checking for sys/int_types.h
configure:5388: result: no
configure:5399: checking sys/tweio.h usability
configure:5399: g++ -c -m32  conftest.cpp >&5
conftest.cpp:64:23: fatal error: sys/tweio.h: No such file or directory
compilation terminated.
configure:5399: $? = 1
configure: failed program was:
| /* confdefs.h */
| #define PACKAGE_NAME "smartmontools"
| #define PACKAGE_TARNAME "smartmontools"
| #define PACKAGE_VERSION "6.2"
| #define PACKAGE_STRING "smartmontools 6.2"
| #define PACKAGE_BUGREPORT "smartmontools-support@lists.sourceforge.net"
| #define PACKAGE_URL ""
| #define SMARTMONTOOLS_CONFIGURE_ARGS " 'CFLAGS=-m32' 'CXXFLAGS=-m32' 'LDFLAGS=-m32'"
| #define SMARTMONTOOLS_CONFIGURE_DATE "2013-10-29 13:12:23 UTC"
| #define SMARTMONTOOLS_RELEASE_DATE "2013-07-26"
| #define SMARTMONTOOLS_RELEASE_TIME "17:38:20 UTC"
| #define CONFIG_H_CVSID "$Id: configure.ac 3841 2013-07-26 17:38:57Z chrfranke $"
| #define PACKAGE_HOMEPAGE "http://smartmontools.sourceforge.net/"
| #define PACKAGE "smartmontools"
| #define VERSION "6.2"
| #define STDC_HEADERS 1
| #define HAVE_SYS_TYPES_H 1
| #define HAVE_SYS_STAT_H 1
| #define HAVE_STDLIB_H 1
| #define HAVE_STRING_H 1
| #define HAVE_MEMORY_H 1
| #define HAVE_STRINGS_H 1
| #define HAVE_INTTYPES_H 1
| #define HAVE_STDINT_H 1
| #define HAVE_UNISTD_H 1
| #define HAVE_LOCALE_H 1
| #define HAVE_NETDB_H 1
| #define HAVE_INTTYPES_H 1
| #define HAVE_STDINT_H 1
| /* end confdefs.h.  */
| #include <stdio.h>
| #ifdef HAVE_SYS_TYPES_H
| # include <sys/types.h>
| #endif
| #ifdef HAVE_SYS_STAT_H
| # include <sys/stat.h>
| #endif
| #ifdef STDC_HEADERS
| # include <stdlib.h>
| # include <stddef.h>
| #else
| # ifdef HAVE_STDLIB_H
| #  include <stdlib.h>
| # endif
| #endif
| #ifdef HAVE_STRING_H
| # if !defined STDC_HEADERS && defined HAVE_MEMORY_H
| #  include <memory.h>
| # endif
| # include <string.h>
| #endif
| #ifdef HAVE_STRINGS_H
| # include <strings.h>
| #endif
| #ifdef HAVE_INTTYPES_H
| # include <inttypes.h>
| #endif
| #ifdef HAVE_STDINT_H
| # include <stdint.h>
| #endif
| #ifdef HAVE_UNISTD_H
| # include <unistd.h>
| #endif
| #include <sys/tweio.h>
configure:5399: result: no
configure:5399: checking sys/tweio.h presence
configure:5399: g++ -E  conftest.cpp
conftest.cpp:31:23: fatal error: sys/tweio.h: No such file or directory
compilation terminated.
configure:5399: $? = 1
configure: failed program was:
| /* confdefs.h */
| #define PACKAGE_NAME "smartmontools"
| #define PACKAGE_TARNAME "smartmontools"
| #define PACKAGE_VERSION "6.2"
| #define PACKAGE_STRING "smartmontools 6.2"
| #define PACKAGE_BUGREPORT "smartmontools-support@lists.sourceforge.net"
| #define PACKAGE_URL ""
| #define SMARTMONTOOLS_CONFIGURE_ARGS " 'CFLAGS=-m32' 'CXXFLAGS=-m32' 'LDFLAGS=-m32'"
| #define SMARTMONTOOLS_CONFIGURE_DATE "2013-10-29 13:12:23 UTC"
| #define SMARTMONTOOLS_RELEASE_DATE "2013-07-26"
| #define SMARTMONTOOLS_RELEASE_TIME "17:38:20 UTC"
| #define CONFIG_H_CVSID "$Id: configure.ac 3841 2013-07-26 17:38:57Z chrfranke $"
| #define PACKAGE_HOMEPAGE "http://smartmontools.sourceforge.net/"
| #define PACKAGE "smartmontools"
| #define VERSION "6.2"
| #define STDC_HEADERS 1
| #define HAVE_SYS_TYPES_H 1
| #define HAVE_SYS_STAT_H 1
| #define HAVE_STDLIB_H 1
| #define HAVE_STRING_H 1
| #define HAVE_MEMORY_H 1
| #define HAVE_STRINGS_H 1
| #define HAVE_INTTYPES_H 1
| #define HAVE_STDINT_H 1
| #define HAVE_UNISTD_H 1
| #define HAVE_LOCALE_H 1
| #define HAVE_NETDB_H 1
| #define HAVE_INTTYPES_H 1
| #define HAVE_STDINT_H 1
| /* end confdefs.h.  */
| #include <sys/tweio.h>
configure:5399: result: no
configure:5399: checking for sys/tweio.h
configure:5399: result: no
configure:5411: checking sys/twereg.h usability
configure:5411: g++ -c -m32  conftest.cpp >&5
conftest.cpp:64:24: fatal error: sys/twereg.h: No such file or directory
compilation terminated.
configure:5411: $? = 1
configure: failed program was:
| /* confdefs.h */
| #define PACKAGE_NAME "smartmontools"
| #define PACKAGE_TARNAME "smartmontools"
| #define PACKAGE_VERSION "6.2"
| #define PACKAGE_STRING "smartmontools 6.2"
| #define PACKAGE_BUGREPORT "smartmontools-support@lists.sourceforge.net"
| #define PACKAGE_URL ""
| #define SMARTMONTOOLS_CONFIGURE_ARGS " 'CFLAGS=-m32' 'CXXFLAGS=-m32' 'LDFLAGS=-m32'"
| #define SMARTMONTOOLS_CONFIGURE_DATE "2013-10-29 13:12:23 UTC"
| #define SMARTMONTOOLS_RELEASE_DATE "2013-07-26"
| #define SMARTMONTOOLS_RELEASE_TIME "17:38:20 UTC"
| #define CONFIG_H_CVSID "$Id: configure.ac 3841 2013-07-26 17:38:57Z chrfranke $"
| #define PACKAGE_HOMEPAGE "http://smartmontools.sourceforge.net/"
| #define PACKAGE "smartmontools"
| #define VERSION "6.2"
| #define STDC_HEADERS 1
| #define HAVE_SYS_TYPES_H 1
| #define HAVE_SYS_STAT_H 1
| #define HAVE_STDLIB_H 1
| #define HAVE_STRING_H 1
| #define HAVE_MEMORY_H 1
| #define HAVE_STRINGS_H 1
| #define HAVE_INTTYPES_H 1
| #define HAVE_STDINT_H 1
| #define HAVE_UNISTD_H 1
| #define HAVE_LOCALE_H 1
| #define HAVE_NETDB_H 1
| #define HAVE_INTTYPES_H 1
| #define HAVE_STDINT_H 1
| /* end confdefs.h.  */
| #include <stdio.h>
| #ifdef HAVE_SYS_TYPES_H
| # include <sys/types.h>
| #endif
| #ifdef HAVE_SYS_STAT_H
| # include <sys/stat.h>
| #endif
| #ifdef STDC_HEADERS
| # include <stdlib.h>
| # include <stddef.h>
| #else
| # ifdef HAVE_STDLIB_H
| #  include <stdlib.h>
| # endif
| #endif
| #ifdef HAVE_STRING_H
| # if !defined STDC_HEADERS && defined HAVE_MEMORY_H
| #  include <memory.h>
| # endif
| # include <string.h>
| #endif
| #ifdef HAVE_STRINGS_H
| # include <strings.h>
| #endif
| #ifdef HAVE_INTTYPES_H
| # include <inttypes.h>
| #endif
| #ifdef HAVE_STDINT_H
| # include <stdint.h>
| #endif
| #ifdef HAVE_UNISTD_H
| # include <unistd.h>
| #endif
| #include <sys/twereg.h>
configure:5411: result: no
configure:5411: checking sys/twereg.h presence
configure:5411: g++ -E  conftest.cpp
conftest.cpp:31:24: fatal error: sys/twereg.h: No such file or directory
compilation terminated.
configure:5411: $? = 1
configure: failed program was:
| /* confdefs.h */
| #define PACKAGE_NAME "smartmontools"
| #define PACKAGE_TARNAME "smartmontools"
| #define PACKAGE_VERSION "6.2"
| #define PACKAGE_STRING "smartmontools 6.2"
| #define PACKAGE_BUGREPORT "smartmontools-support@lists.sourceforge.net"
| #define PACKAGE_URL ""
| #define SMARTMONTOOLS_CONFIGURE_ARGS " 'CFLAGS=-m32' 'CXXFLAGS=-m32' 'LDFLAGS=-m32'"
| #define SMARTMONTOOLS_CONFIGURE_DATE "2013-10-29 13:12:23 UTC"
| #define SMARTMONTOOLS_RELEASE_DATE "2013-07-26"
| #define SMARTMONTOOLS_RELEASE_TIME "17:38:20 UTC"
| #define CONFIG_H_CVSID "$Id: configure.ac 3841 2013-07-26 17:38:57Z chrfranke $"
| #define PACKAGE_HOMEPAGE "http://smartmontools.sourceforge.net/"
| #define PACKAGE "smartmontools"
| #define VERSION "6.2"
| #define STDC_HEADERS 1
| #define HAVE_SYS_TYPES_H 1
| #define HAVE_SYS_STAT_H 1
| #define HAVE_STDLIB_H 1
| #define HAVE_STRING_H 1
| #define HAVE_MEMORY_H 1
| #define HAVE_STRINGS_H 1
| #define HAVE_INTTYPES_H 1
| #define HAVE_STDINT_H 1
| #define HAVE_UNISTD_H 1
| #define HAVE_LOCALE_H 1
| #define HAVE_NETDB_H 1
| #define HAVE_INTTYPES_H 1
| #define HAVE_STDINT_H 1
| /* end confdefs.h.  */
| #include <sys/twereg.h>
configure:5411: result: no
configure:5411: checking for sys/twereg.h
configure:5411: result: no
configure:5423: checking sys/tw_osl_ioctl.h usability
configure:5423: g++ -c -m32  conftest.cpp >&5
conftest.cpp:64:30: fatal error: sys/tw_osl_ioctl.h: No such file or directory
compilation terminated.
configure:5423: $? = 1
configure: failed program was:
| /* confdefs.h */
| #define PACKAGE_NAME "smartmontools"
| #define PACKAGE_TARNAME "smartmontools"
| #define PACKAGE_VERSION "6.2"
| #define PACKAGE_STRING "smartmontools 6.2"
| #define PACKAGE_BUGREPORT "smartmontools-support@lists.sourceforge.net"
| #define PACKAGE_URL ""
| #define SMARTMONTOOLS_CONFIGURE_ARGS " 'CFLAGS=-m32' 'CXXFLAGS=-m32' 'LDFLAGS=-m32'"
| #define SMARTMONTOOLS_CONFIGURE_DATE "2013-10-29 13:12:23 UTC"
| #define SMARTMONTOOLS_RELEASE_DATE "2013-07-26"
| #define SMARTMONTOOLS_RELEASE_TIME "17:38:20 UTC"
| #define CONFIG_H_CVSID "$Id: configure.ac 3841 2013-07-26 17:38:57Z chrfranke $"
| #define PACKAGE_HOMEPAGE "http://smartmontools.sourceforge.net/"
| #define PACKAGE "smartmontools"
| #define VERSION "6.2"
| #define STDC_HEADERS 1
| #define HAVE_SYS_TYPES_H 1
| #define HAVE_SYS_STAT_H 1
| #define HAVE_STDLIB_H 1
| #define HAVE_STRING_H 1
| #define HAVE_MEMORY_H 1
| #define HAVE_STRINGS_H 1
| #define HAVE_INTTYPES_H 1
| #define HAVE_STDINT_H 1
| #define HAVE_UNISTD_H 1
| #define HAVE_LOCALE_H 1
| #define HAVE_NETDB_H 1
| #define HAVE_INTTYPES_H 1
| #define HAVE_STDINT_H 1
| /* end confdefs.h.  */
| #include <stdio.h>
| #ifdef HAVE_SYS_TYPES_H
| # include <sys/types.h>
| #endif
| #ifdef HAVE_SYS_STAT_H
| # include <sys/stat.h>
| #endif
| #ifdef STDC_HEADERS
| # include <stdlib.h>
| # include <stddef.h>
| #else
| # ifdef HAVE_STDLIB_H
| #  include <stdlib.h>
| # endif
| #endif
| #ifdef HAVE_STRING_H
| # if !defined STDC_HEADERS && defined HAVE_MEMORY_H
| #  include <memory.h>
| # endif
| # include <string.h>
| #endif
| #ifdef HAVE_STRINGS_H
| # include <strings.h>
| #endif
| #ifdef HAVE_INTTYPES_H
| # include <inttypes.h>
| #endif
| #ifdef HAVE_STDINT_H
| # include <stdint.h>
| #endif
| #ifdef HAVE_UNISTD_H
| # include <unistd.h>
| #endif
| #include <sys/tw_osl_ioctl.h>
configure:5423: result: no
configure:5423: checking sys/tw_osl_ioctl.h presence
configure:5423: g++ -E  conftest.cpp
conftest.cpp:31:30: fatal error: sys/tw_osl_ioctl.h: No such file or directory
compilation terminated.
configure:5423: $? = 1
configure: failed program was:
| /* confdefs.h */
| #define PACKAGE_NAME "smartmontools"
| #define PACKAGE_TARNAME "smartmontools"
| #define PACKAGE_VERSION "6.2"
| #define PACKAGE_STRING "smartmontools 6.2"
| #define PACKAGE_BUGREPORT "smartmontools-support@lists.sourceforge.net"
| #define PACKAGE_URL ""
| #define SMARTMONTOOLS_CONFIGURE_ARGS " 'CFLAGS=-m32' 'CXXFLAGS=-m32' 'LDFLAGS=-m32'"
| #define SMARTMONTOOLS_CONFIGURE_DATE "2013-10-29 13:12:23 UTC"
| #define SMARTMONTOOLS_RELEASE_DATE "2013-07-26"
| #define SMARTMONTOOLS_RELEASE_TIME "17:38:20 UTC"
| #define CONFIG_H_CVSID "$Id: configure.ac 3841 2013-07-26 17:38:57Z chrfranke $"
| #define PACKAGE_HOMEPAGE "http://smartmontools.sourceforge.net/"
| #define PACKAGE "smartmontools"
| #define VERSION "6.2"
| #define STDC_HEADERS 1
| #define HAVE_SYS_TYPES_H 1
| #define HAVE_SYS_STAT_H 1
| #define HAVE_STDLIB_H 1
| #define HAVE_STRING_H 1
| #define HAVE_MEMORY_H 1
| #define HAVE_STRINGS_H 1
| #define HAVE_INTTYPES_H 1
| #define HAVE_STDINT_H 1
| #define HAVE_UNISTD_H 1
| #define HAVE_LOCALE_H 1
| #define HAVE_NETDB_H 1
| #define HAVE_INTTYPES_H 1
| #define HAVE_STDINT_H 1
| /* end confdefs.h.  */
| #include <sys/tw_osl_ioctl.h>
configure:5423: result: no
configure:5423: checking for sys/tw_osl_ioctl.h
configure:5423: result: no
configure:5435: checking linux/compiler.h usability
configure:5435: g++ -c -m32  conftest.cpp >&5
conftest.cpp:64:28: fatal error: linux/compiler.h: No such file or directory
compilation terminated.
configure:5435: $? = 1
configure: failed program was:
| /* confdefs.h */
| #define PACKAGE_NAME "smartmontools"
| #define PACKAGE_TARNAME "smartmontools"
| #define PACKAGE_VERSION "6.2"
| #define PACKAGE_STRING "smartmontools 6.2"
| #define PACKAGE_BUGREPORT "smartmontools-support@lists.sourceforge.net"
| #define PACKAGE_URL ""
| #define SMARTMONTOOLS_CONFIGURE_ARGS " 'CFLAGS=-m32' 'CXXFLAGS=-m32' 'LDFLAGS=-m32'"
| #define SMARTMONTOOLS_CONFIGURE_DATE "2013-10-29 13:12:23 UTC"
| #define SMARTMONTOOLS_RELEASE_DATE "2013-07-26"
| #define SMARTMONTOOLS_RELEASE_TIME "17:38:20 UTC"
| #define CONFIG_H_CVSID "$Id: configure.ac 3841 2013-07-26 17:38:57Z chrfranke $"
| #define PACKAGE_HOMEPAGE "http://smartmontools.sourceforge.net/"
| #define PACKAGE "smartmontools"
| #define VERSION "6.2"
| #define STDC_HEADERS 1
| #define HAVE_SYS_TYPES_H 1
| #define HAVE_SYS_STAT_H 1
| #define HAVE_STDLIB_H 1
| #define HAVE_STRING_H 1
| #define HAVE_MEMORY_H 1
| #define HAVE_STRINGS_H 1
| #define HAVE_INTTYPES_H 1
| #define HAVE_STDINT_H 1
| #define HAVE_UNISTD_H 1
| #define HAVE_LOCALE_H 1
| #define HAVE_NETDB_H 1
| #define HAVE_INTTYPES_H 1
| #define HAVE_STDINT_H 1
| /* end confdefs.h.  */
| #include <stdio.h>
| #ifdef HAVE_SYS_TYPES_H
| # include <sys/types.h>
| #endif
| #ifdef HAVE_SYS_STAT_H
| # include <sys/stat.h>
| #endif
| #ifdef STDC_HEADERS
| # include <stdlib.h>
| # include <stddef.h>
| #else
| # ifdef HAVE_STDLIB_H
| #  include <stdlib.h>
| # endif
| #endif
| #ifdef HAVE_STRING_H
| # if !defined STDC_HEADERS && defined HAVE_MEMORY_H
| #  include <memory.h>
| # endif
| # include <string.h>
| #endif
| #ifdef HAVE_STRINGS_H
| # include <strings.h>
| #endif
| #ifdef HAVE_INTTYPES_H
| # include <inttypes.h>
| #endif
| #ifdef HAVE_STDINT_H
| # include <stdint.h>
| #endif
| #ifdef HAVE_UNISTD_H
| # include <unistd.h>
| #endif
| #include <linux/compiler.h>
configure:5435: result: no
configure:5435: checking linux/compiler.h presence
configure:5435: g++ -E  conftest.cpp
conftest.cpp:31:28: fatal error: linux/compiler.h: No such file or directory
compilation terminated.
configure:5435: $? = 1
configure: failed program was:
| /* confdefs.h */
| #define PACKAGE_NAME "smartmontools"
| #define PACKAGE_TARNAME "smartmontools"
| #define PACKAGE_VERSION "6.2"
| #define PACKAGE_STRING "smartmontools 6.2"
| #define PACKAGE_BUGREPORT "smartmontools-support@lists.sourceforge.net"
| #define PACKAGE_URL ""
| #define SMARTMONTOOLS_CONFIGURE_ARGS " 'CFLAGS=-m32' 'CXXFLAGS=-m32' 'LDFLAGS=-m32'"
| #define SMARTMONTOOLS_CONFIGURE_DATE "2013-10-29 13:12:23 UTC"
| #define SMARTMONTOOLS_RELEASE_DATE "2013-07-26"
| #define SMARTMONTOOLS_RELEASE_TIME "17:38:20 UTC"
| #define CONFIG_H_CVSID "$Id: configure.ac 3841 2013-07-26 17:38:57Z chrfranke $"
| #define PACKAGE_HOMEPAGE "http://smartmontools.sourceforge.net/"
| #define PACKAGE "smartmontools"
| #define VERSION "6.2"
| #define STDC_HEADERS 1
| #define HAVE_SYS_TYPES_H 1
| #define HAVE_SYS_STAT_H 1
| #define HAVE_STDLIB_H 1
| #define HAVE_STRING_H 1
| #define HAVE_MEMORY_H 1
| #define HAVE_STRINGS_H 1
| #define HAVE_INTTYPES_H 1
| #define HAVE_STDINT_H 1
| #define HAVE_UNISTD_H 1
| #define HAVE_LOCALE_H 1
| #define HAVE_NETDB_H 1
| #define HAVE_INTTYPES_H 1
| #define HAVE_STDINT_H 1
| /* end confdefs.h.  */
| #include <linux/compiler.h>
configure:5435: result: no
configure:5435: checking for linux/compiler.h
configure:5435: result: no
configure:5447: checking dev/ciss/cissio.h usability
configure:5447: g++ -c -m32  conftest.cpp >&5
conftest.cpp:64:29: fatal error: dev/ciss/cissio.h: No such file or directory
compilation terminated.
configure:5447: $? = 1
configure: failed program was:
| /* confdefs.h */
| #define PACKAGE_NAME "smartmontools"
| #define PACKAGE_TARNAME "smartmontools"
| #define PACKAGE_VERSION "6.2"
| #define PACKAGE_STRING "smartmontools 6.2"
| #define PACKAGE_BUGREPORT "smartmontools-support@lists.sourceforge.net"
| #define PACKAGE_URL ""
| #define SMARTMONTOOLS_CONFIGURE_ARGS " 'CFLAGS=-m32' 'CXXFLAGS=-m32' 'LDFLAGS=-m32'"
| #define SMARTMONTOOLS_CONFIGURE_DATE "2013-10-29 13:12:23 UTC"
| #define SMARTMONTOOLS_RELEASE_DATE "2013-07-26"
| #define SMARTMONTOOLS_RELEASE_TIME "17:38:20 UTC"
| #define CONFIG_H_CVSID "$Id: configure.ac 3841 2013-07-26 17:38:57Z chrfranke $"
| #define PACKAGE_HOMEPAGE "http://smartmontools.sourceforge.net/"
| #define PACKAGE "smartmontools"
| #define VERSION "6.2"
| #define STDC_HEADERS 1
| #define HAVE_SYS_TYPES_H 1
| #define HAVE_SYS_STAT_H 1
| #define HAVE_STDLIB_H 1
| #define HAVE_STRING_H 1
| #define HAVE_MEMORY_H 1
| #define HAVE_STRINGS_H 1
| #define HAVE_INTTYPES_H 1
| #define HAVE_STDINT_H 1
| #define HAVE_UNISTD_H 1
| #define HAVE_LOCALE_H 1
| #define HAVE_NETDB_H 1
| #define HAVE_INTTYPES_H 1
| #define HAVE_STDINT_H 1
| /* end confdefs.h.  */
| #include <stdio.h>
| #ifdef HAVE_SYS_TYPES_H
| # include <sys/types.h>
| #endif
| #ifdef HAVE_SYS_STAT_H
| # include <sys/stat.h>
| #endif
| #ifdef STDC_HEADERS
| # include <stdlib.h>
| # include <stddef.h>
| #else
| # ifdef HAVE_STDLIB_H
| #  include <stdlib.h>
| # endif
| #endif
| #ifdef HAVE_STRING_H
| # if !defined STDC_HEADERS && defined HAVE_MEMORY_H
| #  include <memory.h>
| # endif
| # include <string.h>
| #endif
| #ifdef HAVE_STRINGS_H
| # include <strings.h>
| #endif
| #ifdef HAVE_INTTYPES_H
| # include <inttypes.h>
| #endif
| #ifdef HAVE_STDINT_H
| # include <stdint.h>
| #endif
| #ifdef HAVE_UNISTD_H
| # include <unistd.h>
| #endif
| #include <dev/ciss/cissio.h>
configure:5447: result: no
configure:5447: checking dev/ciss/cissio.h presence
configure:5447: g++ -E  conftest.cpp
conftest.cpp:31:29: fatal error: dev/ciss/cissio.h: No such file or directory
compilation terminated.
configure:5447: $? = 1
configure: failed program was:
| /* confdefs.h */
| #define PACKAGE_NAME "smartmontools"
| #define PACKAGE_TARNAME "smartmontools"
| #define PACKAGE_VERSION "6.2"
| #define PACKAGE_STRING "smartmontools 6.2"
| #define PACKAGE_BUGREPORT "smartmontools-support@lists.sourceforge.net"
| #define PACKAGE_URL ""
| #define SMARTMONTOOLS_CONFIGURE_ARGS " 'CFLAGS=-m32' 'CXXFLAGS=-m32' 'LDFLAGS=-m32'"
| #define SMARTMONTOOLS_CONFIGURE_DATE "2013-10-29 13:12:23 UTC"
| #define SMARTMONTOOLS_RELEASE_DATE "2013-07-26"
| #define SMARTMONTOOLS_RELEASE_TIME "17:38:20 UTC"
| #define CONFIG_H_CVSID "$Id: configure.ac 3841 2013-07-26 17:38:57Z chrfranke $"
| #define PACKAGE_HOMEPAGE "http://smartmontools.sourceforge.net/"
| #define PACKAGE "smartmontools"
| #define VERSION "6.2"
| #define STDC_HEADERS 1
| #define HAVE_SYS_TYPES_H 1
| #define HAVE_SYS_STAT_H 1
| #define HAVE_STDLIB_H 1
| #define HAVE_STRING_H 1
| #define HAVE_MEMORY_H 1
| #define HAVE_STRINGS_H 1
| #define HAVE_INTTYPES_H 1
| #define HAVE_STDINT_H 1
| #define HAVE_UNISTD_H 1
| #define HAVE_LOCALE_H 1
| #define HAVE_NETDB_H 1
| #define HAVE_INTTYPES_H 1
| #define HAVE_STDINT_H 1
| /* end confdefs.h.  */
| #include <dev/ciss/cissio.h>
configure:5447: result: no
configure:5447: checking for dev/ciss/cissio.h
configure:5447: result: no
configure:5466: checking for linux/cciss_ioctl.h
configure:5466: g++ -c -m32  conftest.cpp >&5
configure:5466: $? = 0
configure:5466: result: yes
configure:5484: checking for ntdddisk.h
configure:5484: g++ -c -m32  conftest.cpp >&5
conftest.cpp:66:21: fatal error: windows.h: No such file or directory
compilation terminated.
configure:5484: $? = 1
configure: failed program was:
| /* confdefs.h */
| #define PACKAGE_NAME "smartmontools"
| #define PACKAGE_TARNAME "smartmontools"
| #define PACKAGE_VERSION "6.2"
| #define PACKAGE_STRING "smartmontools 6.2"
| #define PACKAGE_BUGREPORT "smartmontools-support@lists.sourceforge.net"
| #define PACKAGE_URL ""
| #define SMARTMONTOOLS_CONFIGURE_ARGS " 'CFLAGS=-m32' 'CXXFLAGS=-m32' 'LDFLAGS=-m32'"
| #define SMARTMONTOOLS_CONFIGURE_DATE "2013-10-29 13:12:23 UTC"
| #define SMARTMONTOOLS_RELEASE_DATE "2013-07-26"
| #define SMARTMONTOOLS_RELEASE_TIME "17:38:20 UTC"
| #define CONFIG_H_CVSID "$Id: configure.ac 3841 2013-07-26 17:38:57Z chrfranke $"
| #define PACKAGE_HOMEPAGE "http://smartmontools.sourceforge.net/"
| #define PACKAGE "smartmontools"
| #define VERSION "6.2"
| #define STDC_HEADERS 1
| #define HAVE_SYS_TYPES_H 1
| #define HAVE_SYS_STAT_H 1
| #define HAVE_STDLIB_H 1
| #define HAVE_STRING_H 1
| #define HAVE_MEMORY_H 1
| #define HAVE_STRINGS_H 1
| #define HAVE_INTTYPES_H 1
| #define HAVE_STDINT_H 1
| #define HAVE_UNISTD_H 1
| #define HAVE_LOCALE_H 1
| #define HAVE_NETDB_H 1
| #define HAVE_INTTYPES_H 1
| #define HAVE_STDINT_H 1
| #define CISS_LOCATION "cissio_freebsd.h"
| #define HAVE_LINUX_CCISS_IOCTL_H 1
| /* end confdefs.h.  */
| #include <stdio.h>
| #ifdef HAVE_SYS_TYPES_H
| # include <sys/types.h>
| #endif
| #ifdef HAVE_SYS_STAT_H
| # include <sys/stat.h>
| #endif
| #ifdef STDC_HEADERS
| # include <stdlib.h>
| # include <stddef.h>
| #else
| # ifdef HAVE_STDLIB_H
| #  include <stdlib.h>
| # endif
| #endif
| #ifdef HAVE_STRING_H
| # if !defined STDC_HEADERS && defined HAVE_MEMORY_H
| #  include <memory.h>
| # endif
| # include <string.h>
| #endif
| #ifdef HAVE_STRINGS_H
| # include <strings.h>
| #endif
| #ifdef HAVE_INTTYPES_H
| # include <inttypes.h>
| #endif
| #ifdef HAVE_STDINT_H
| # include <stdint.h>
| #endif
| #ifdef HAVE_UNISTD_H
| # include <unistd.h>
| #endif
| #include <windows.h>
| 
| 
| #include <ntdddisk.h>
configure:5484: result: no
configure:5484: checking for ddk/ntdddisk.h
configure:5484: g++ -c -m32  conftest.cpp >&5
conftest.cpp:66:21: fatal error: windows.h: No such file or directory
compilation terminated.
configure:5484: $? = 1
configure: failed program was:
| /* confdefs.h */
| #define PACKAGE_NAME "smartmontools"
| #define PACKAGE_TARNAME "smartmontools"
| #define PACKAGE_VERSION "6.2"
| #define PACKAGE_STRING "smartmontools 6.2"
| #define PACKAGE_BUGREPORT "smartmontools-support@lists.sourceforge.net"
| #define PACKAGE_URL ""
| #define SMARTMONTOOLS_CONFIGURE_ARGS " 'CFLAGS=-m32' 'CXXFLAGS=-m32' 'LDFLAGS=-m32'"
| #define SMARTMONTOOLS_CONFIGURE_DATE "2013-10-29 13:12:23 UTC"
| #define SMARTMONTOOLS_RELEASE_DATE "2013-07-26"
| #define SMARTMONTOOLS_RELEASE_TIME "17:38:20 UTC"
| #define CONFIG_H_CVSID "$Id: configure.ac 3841 2013-07-26 17:38:57Z chrfranke $"
| #define PACKAGE_HOMEPAGE "http://smartmontools.sourceforge.net/"
| #define PACKAGE "smartmontools"
| #define VERSION "6.2"
| #define STDC_HEADERS 1
| #define HAVE_SYS_TYPES_H 1
| #define HAVE_SYS_STAT_H 1
| #define HAVE_STDLIB_H 1
| #define HAVE_STRING_H 1
| #define HAVE_MEMORY_H 1
| #define HAVE_STRINGS_H 1
| #define HAVE_INTTYPES_H 1
| #define HAVE_STDINT_H 1
| #define HAVE_UNISTD_H 1
| #define HAVE_LOCALE_H 1
| #define HAVE_NETDB_H 1
| #define HAVE_INTTYPES_H 1
| #define HAVE_STDINT_H 1
| #define CISS_LOCATION "cissio_freebsd.h"
| #define HAVE_LINUX_CCISS_IOCTL_H 1
| /* end confdefs.h.  */
| #include <stdio.h>
| #ifdef HAVE_SYS_TYPES_H
| # include <sys/types.h>
| #endif
| #ifdef HAVE_SYS_STAT_H
| # include <sys/stat.h>
| #endif
| #ifdef STDC_HEADERS
| # include <stdlib.h>
| # include <stddef.h>
| #else
| # ifdef HAVE_STDLIB_H
| #  include <stdlib.h>
| # endif
| #endif
| #ifdef HAVE_STRING_H
| # if !defined STDC_HEADERS && defined HAVE_MEMORY_H
| #  include <memory.h>
| # endif
| # include <string.h>
| #endif
| #ifdef HAVE_STRINGS_H
| # include <strings.h>
| #endif
| #ifdef HAVE_INTTYPES_H
| # include <inttypes.h>
| #endif
| #ifdef HAVE_STDINT_H
| # include <stdint.h>
| #endif
| #ifdef HAVE_UNISTD_H
| # include <unistd.h>
| #endif
| #include <windows.h>
| 
| 
| #include <ddk/ntdddisk.h>
configure:5484: result: no
configure:5499: checking wbemcli.h usability
configure:5499: g++ -c -m32  conftest.cpp >&5
conftest.cpp:66:21: fatal error: wbemcli.h: No such file or directory
compilation terminated.
configure:5499: $? = 1
configure: failed program was:
| /* confdefs.h */
| #define PACKAGE_NAME "smartmontools"
| #define PACKAGE_TARNAME "smartmontools"
| #define PACKAGE_VERSION "6.2"
| #define PACKAGE_STRING "smartmontools 6.2"
| #define PACKAGE_BUGREPORT "smartmontools-support@lists.sourceforge.net"
| #define PACKAGE_URL ""
| #define SMARTMONTOOLS_CONFIGURE_ARGS " 'CFLAGS=-m32' 'CXXFLAGS=-m32' 'LDFLAGS=-m32'"
| #define SMARTMONTOOLS_CONFIGURE_DATE "2013-10-29 13:12:23 UTC"
| #define SMARTMONTOOLS_RELEASE_DATE "2013-07-26"
| #define SMARTMONTOOLS_RELEASE_TIME "17:38:20 UTC"
| #define CONFIG_H_CVSID "$Id: configure.ac 3841 2013-07-26 17:38:57Z chrfranke $"
| #define PACKAGE_HOMEPAGE "http://smartmontools.sourceforge.net/"
| #define PACKAGE "smartmontools"
| #define VERSION "6.2"
| #define STDC_HEADERS 1
| #define HAVE_SYS_TYPES_H 1
| #define HAVE_SYS_STAT_H 1
| #define HAVE_STDLIB_H 1
| #define HAVE_STRING_H 1
| #define HAVE_MEMORY_H 1
| #define HAVE_STRINGS_H 1
| #define HAVE_INTTYPES_H 1
| #define HAVE_STDINT_H 1
| #define HAVE_UNISTD_H 1
| #define HAVE_LOCALE_H 1
| #define HAVE_NETDB_H 1
| #define HAVE_INTTYPES_H 1
| #define HAVE_STDINT_H 1
| #define CISS_LOCATION "cissio_freebsd.h"
| #define HAVE_LINUX_CCISS_IOCTL_H 1
| /* end confdefs.h.  */
| #include <stdio.h>
| #ifdef HAVE_SYS_TYPES_H
| # include <sys/types.h>
| #endif
| #ifdef HAVE_SYS_STAT_H
| # include <sys/stat.h>
| #endif
| #ifdef STDC_HEADERS
| # include <stdlib.h>
| # include <stddef.h>
| #else
| # ifdef HAVE_STDLIB_H
| #  include <stdlib.h>
| # endif
| #endif
| #ifdef HAVE_STRING_H
| # if !defined STDC_HEADERS && defined HAVE_MEMORY_H
| #  include <memory.h>
| # endif
| # include <string.h>
| #endif
| #ifdef HAVE_STRINGS_H
| # include <strings.h>
| #endif
| #ifdef HAVE_INTTYPES_H
| # include <inttypes.h>
| #endif
| #ifdef HAVE_STDINT_H
| # include <stdint.h>
| #endif
| #ifdef HAVE_UNISTD_H
| # include <unistd.h>
| #endif
| #include <wbemcli.h>
configure:5499: result: no
configure:5499: checking wbemcli.h presence
configure:5499: g++ -E  conftest.cpp
conftest.cpp:33:21: fatal error: wbemcli.h: No such file or directory
compilation terminated.
configure:5499: $? = 1
configure: failed program was:
| /* confdefs.h */
| #define PACKAGE_NAME "smartmontools"
| #define PACKAGE_TARNAME "smartmontools"
| #define PACKAGE_VERSION "6.2"
| #define PACKAGE_STRING "smartmontools 6.2"
| #define PACKAGE_BUGREPORT "smartmontools-support@lists.sourceforge.net"
| #define PACKAGE_URL ""
| #define SMARTMONTOOLS_CONFIGURE_ARGS " 'CFLAGS=-m32' 'CXXFLAGS=-m32' 'LDFLAGS=-m32'"
| #define SMARTMONTOOLS_CONFIGURE_DATE "2013-10-29 13:12:23 UTC"
| #define SMARTMONTOOLS_RELEASE_DATE "2013-07-26"
| #define SMARTMONTOOLS_RELEASE_TIME "17:38:20 UTC"
| #define CONFIG_H_CVSID "$Id: configure.ac 3841 2013-07-26 17:38:57Z chrfranke $"
| #define PACKAGE_HOMEPAGE "http://smartmontools.sourceforge.net/"
| #define PACKAGE "smartmontools"
| #define VERSION "6.2"
| #define STDC_HEADERS 1
| #define HAVE_SYS_TYPES_H 1
| #define HAVE_SYS_STAT_H 1
| #define HAVE_STDLIB_H 1
| #define HAVE_STRING_H 1
| #define HAVE_MEMORY_H 1
| #define HAVE_STRINGS_H 1
| #define HAVE_INTTYPES_H 1
| #define HAVE_STDINT_H 1
| #define HAVE_UNISTD_H 1
| #define HAVE_LOCALE_H 1
| #define HAVE_NETDB_H 1
| #define HAVE_INTTYPES_H 1
| #define HAVE_STDINT_H 1
| #define CISS_LOCATION "cissio_freebsd.h"
| #define HAVE_LINUX_CCISS_IOCTL_H 1
| /* end confdefs.h.  */
| #include <wbemcli.h>
configure:5499: result: no
configure:5499: checking for wbemcli.h
configure:5499: result: no
configure:5510: checking for int64_t
configure:5510: g++ -c -m32  conftest.cpp >&5
configure:5510: $? = 0
configure:5510: g++ -c -m32  conftest.cpp >&5
conftest.cpp: In function 'int main()':
conftest.cpp:69:21: error: expected primary-expression before ')' token
configure:5510: $? = 1
configure: failed program was:
| /* confdefs.h */
| #define PACKAGE_NAME "smartmontools"
| #define PACKAGE_TARNAME "smartmontools"
| #define PACKAGE_VERSION "6.2"
| #define PACKAGE_STRING "smartmontools 6.2"
| #define PACKAGE_BUGREPORT "smartmontools-support@lists.sourceforge.net"
| #define PACKAGE_URL ""
| #define SMARTMONTOOLS_CONFIGURE_ARGS " 'CFLAGS=-m32' 'CXXFLAGS=-m32' 'LDFLAGS=-m32'"
| #define SMARTMONTOOLS_CONFIGURE_DATE "2013-10-29 13:12:23 UTC"
| #define SMARTMONTOOLS_RELEASE_DATE "2013-07-26"
| #define SMARTMONTOOLS_RELEASE_TIME "17:38:20 UTC"
| #define CONFIG_H_CVSID "$Id: configure.ac 3841 2013-07-26 17:38:57Z chrfranke $"
| #define PACKAGE_HOMEPAGE "http://smartmontools.sourceforge.net/"
| #define PACKAGE "smartmontools"
| #define VERSION "6.2"
| #define STDC_HEADERS 1
| #define HAVE_SYS_TYPES_H 1
| #define HAVE_SYS_STAT_H 1
| #define HAVE_STDLIB_H 1
| #define HAVE_STRING_H 1
| #define HAVE_MEMORY_H 1
| #define HAVE_STRINGS_H 1
| #define HAVE_INTTYPES_H 1
| #define HAVE_STDINT_H 1
| #define HAVE_UNISTD_H 1
| #define HAVE_LOCALE_H 1
| #define HAVE_NETDB_H 1
| #define HAVE_INTTYPES_H 1
| #define HAVE_STDINT_H 1
| #define CISS_LOCATION "cissio_freebsd.h"
| #define HAVE_LINUX_CCISS_IOCTL_H 1
| /* end confdefs.h.  */
| #include <stdio.h>
| #ifdef HAVE_SYS_TYPES_H
| # include <sys/types.h>
| #endif
| #ifdef HAVE_SYS_STAT_H
| # include <sys/stat.h>
| #endif
| #ifdef STDC_HEADERS
| # include <stdlib.h>
| # include <stddef.h>
| #else
| # ifdef HAVE_STDLIB_H
| #  include <stdlib.h>
| # endif
| #endif
| #ifdef HAVE_STRING_H
| # if !defined STDC_HEADERS && defined HAVE_MEMORY_H
| #  include <memory.h>
| # endif
| # include <string.h>
| #endif
| #ifdef HAVE_STRINGS_H
| # include <strings.h>
| #endif
| #ifdef HAVE_INTTYPES_H
| # include <inttypes.h>
| #endif
| #ifdef HAVE_STDINT_H
| # include <stdint.h>
| #endif
| #ifdef HAVE_UNISTD_H
| # include <unistd.h>
| #endif
| int
| main ()
| {
| if (sizeof ((int64_t)))
| 	    return 0;
|   ;
|   return 0;
| }
configure:5510: result: yes
configure:5519: checking for uint64_t
configure:5519: g++ -c -m32  conftest.cpp >&5
configure:5519: $? = 0
configure:5519: g++ -c -m32  conftest.cpp >&5
conftest.cpp: In function 'int main()':
conftest.cpp:70:22: error: expected primary-expression before ')' token
configure:5519: $? = 1
configure: failed program was:
| /* confdefs.h */
| #define PACKAGE_NAME "smartmontools"
| #define PACKAGE_TARNAME "smartmontools"
| #define PACKAGE_VERSION "6.2"
| #define PACKAGE_STRING "smartmontools 6.2"
| #define PACKAGE_BUGREPORT "smartmontools-support@lists.sourceforge.net"
| #define PACKAGE_URL ""
| #define SMARTMONTOOLS_CONFIGURE_ARGS " 'CFLAGS=-m32' 'CXXFLAGS=-m32' 'LDFLAGS=-m32'"
| #define SMARTMONTOOLS_CONFIGURE_DATE "2013-10-29 13:12:23 UTC"
| #define SMARTMONTOOLS_RELEASE_DATE "2013-07-26"
| #define SMARTMONTOOLS_RELEASE_TIME "17:38:20 UTC"
| #define CONFIG_H_CVSID "$Id: configure.ac 3841 2013-07-26 17:38:57Z chrfranke $"
| #define PACKAGE_HOMEPAGE "http://smartmontools.sourceforge.net/"
| #define PACKAGE "smartmontools"
| #define VERSION "6.2"
| #define STDC_HEADERS 1
| #define HAVE_SYS_TYPES_H 1
| #define HAVE_SYS_STAT_H 1
| #define HAVE_STDLIB_H 1
| #define HAVE_STRING_H 1
| #define HAVE_MEMORY_H 1
| #define HAVE_STRINGS_H 1
| #define HAVE_INTTYPES_H 1
| #define HAVE_STDINT_H 1
| #define HAVE_UNISTD_H 1
| #define HAVE_LOCALE_H 1
| #define HAVE_NETDB_H 1
| #define HAVE_INTTYPES_H 1
| #define HAVE_STDINT_H 1
| #define CISS_LOCATION "cissio_freebsd.h"
| #define HAVE_LINUX_CCISS_IOCTL_H 1
| #define HAVE_INT64_T 1
| /* end confdefs.h.  */
| #include <stdio.h>
| #ifdef HAVE_SYS_TYPES_H
| # include <sys/types.h>
| #endif
| #ifdef HAVE_SYS_STAT_H
| # include <sys/stat.h>
| #endif
| #ifdef STDC_HEADERS
| # include <stdlib.h>
| # include <stddef.h>
| #else
| # ifdef HAVE_STDLIB_H
| #  include <stdlib.h>
| # endif
| #endif
| #ifdef HAVE_STRING_H
| # if !defined STDC_HEADERS && defined HAVE_MEMORY_H
| #  include <memory.h>
| # endif
| # include <string.h>
| #endif
| #ifdef HAVE_STRINGS_H
| # include <strings.h>
| #endif
| #ifdef HAVE_INTTYPES_H
| # include <inttypes.h>
| #endif
| #ifdef HAVE_STDINT_H
| # include <stdint.h>
| #endif
| #ifdef HAVE_UNISTD_H
| # include <unistd.h>
| #endif
| int
| main ()
| {
| if (sizeof ((uint64_t)))
| 	    return 0;
|   ;
|   return 0;
| }
configure:5519: result: yes
configure:5532: checking for getopt_long
configure:5532: g++ -o conftest -m32  -m32 conftest.cpp  >&5
configure:5532: $? = 0
configure:5532: result: yes
configure:5553: checking for regcomp
configure:5553: g++ -o conftest -m32  -m32 conftest.cpp  >&5
configure:5553: $? = 0
configure:5553: result: yes
configure:5575: checking for sigset
configure:5575: g++ -o conftest -m32  -m32 conftest.cpp  >&5
configure:5575: $? = 0
configure:5575: result: yes
configure:5586: checking for strtoull
configure:5586: g++ -o conftest -m32  -m32 conftest.cpp  >&5
configure:5586: $? = 0
configure:5586: result: yes
configure:5597: checking for uname
configure:5597: g++ -o conftest -m32  -m32 conftest.cpp  >&5
configure:5597: $? = 0
configure:5597: result: yes
configure:5609: checking for clock_gettime
configure:5609: g++ -o conftest -m32  -m32 conftest.cpp  >&5
configure:5609: $? = 0
configure:5609: result: yes
configure:5609: checking for ftime
configure:5609: g++ -o conftest -m32  -m32 conftest.cpp  >&5
configure:5609: $? = 0
configure:5609: result: yes
configure:5609: checking for gettimeofday
configure:5609: g++ -o conftest -m32  -m32 conftest.cpp  >&5
configure:5609: $? = 0
configure:5609: result: yes
configure:5620: checking whether byte ordering is bigendian
configure:5635: g++ -c -m32  conftest.cpp >&5
conftest.cpp:44:9: error: expected unqualified-id before 'not' token
configure:5635: $? = 1
configure: failed program was:
| /* confdefs.h */
| #define PACKAGE_NAME "smartmontools"
| #define PACKAGE_TARNAME "smartmontools"
| #define PACKAGE_VERSION "6.2"
| #define PACKAGE_STRING "smartmontools 6.2"
| #define PACKAGE_BUGREPORT "smartmontools-support@lists.sourceforge.net"
| #define PACKAGE_URL ""
| #define SMARTMONTOOLS_CONFIGURE_ARGS " 'CFLAGS=-m32' 'CXXFLAGS=-m32' 'LDFLAGS=-m32'"
| #define SMARTMONTOOLS_CONFIGURE_DATE "2013-10-29 13:12:23 UTC"
| #define SMARTMONTOOLS_RELEASE_DATE "2013-07-26"
| #define SMARTMONTOOLS_RELEASE_TIME "17:38:20 UTC"
| #define CONFIG_H_CVSID "$Id: configure.ac 3841 2013-07-26 17:38:57Z chrfranke $"
| #define PACKAGE_HOMEPAGE "http://smartmontools.sourceforge.net/"
| #define PACKAGE "smartmontools"
| #define VERSION "6.2"
| #define STDC_HEADERS 1
| #define HAVE_SYS_TYPES_H 1
| #define HAVE_SYS_STAT_H 1
| #define HAVE_STDLIB_H 1
| #define HAVE_STRING_H 1
| #define HAVE_MEMORY_H 1
| #define HAVE_STRINGS_H 1
| #define HAVE_INTTYPES_H 1
| #define HAVE_STDINT_H 1
| #define HAVE_UNISTD_H 1
| #define HAVE_LOCALE_H 1
| #define HAVE_NETDB_H 1
| #define HAVE_INTTYPES_H 1
| #define HAVE_STDINT_H 1
| #define CISS_LOCATION "cissio_freebsd.h"
| #define HAVE_LINUX_CCISS_IOCTL_H 1
| #define HAVE_INT64_T 1
| #define HAVE_UINT64_T 1
| #define HAVE_GETOPT_LONG 1
| #define HAVE_REGCOMP 1
| #define HAVE_SIGSET 1
| #define HAVE_STRTOULL 1
| #define HAVE_UNAME 1
| #define HAVE_CLOCK_GETTIME 1
| #define HAVE_FTIME 1
| #define HAVE_GETTIMEOFDAY 1
| /* end confdefs.h.  */
| #ifndef __APPLE_CC__
| 	       not a universal capable compiler
| 	     #endif
| 	     typedef int dummy;
| 
configure:5680: g++ -c -m32  conftest.cpp >&5
configure:5680: $? = 0
configure:5698: g++ -c -m32  conftest.cpp >&5
conftest.cpp: In function 'int main()':
conftest.cpp:50:8: error: 'big' was not declared in this scope
conftest.cpp:50:12: error: expected ';' before 'endian'
configure:5698: $? = 1
configure: failed program was:
| /* confdefs.h */
| #define PACKAGE_NAME "smartmontools"
| #define PACKAGE_TARNAME "smartmontools"
| #define PACKAGE_VERSION "6.2"
| #define PACKAGE_STRING "smartmontools 6.2"
| #define PACKAGE_BUGREPORT "smartmontools-support@lists.sourceforge.net"
| #define PACKAGE_URL ""
| #define SMARTMONTOOLS_CONFIGURE_ARGS " 'CFLAGS=-m32' 'CXXFLAGS=-m32' 'LDFLAGS=-m32'"
| #define SMARTMONTOOLS_CONFIGURE_DATE "2013-10-29 13:12:23 UTC"
| #define SMARTMONTOOLS_RELEASE_DATE "2013-07-26"
| #define SMARTMONTOOLS_RELEASE_TIME "17:38:20 UTC"
| #define CONFIG_H_CVSID "$Id: configure.ac 3841 2013-07-26 17:38:57Z chrfranke $"
| #define PACKAGE_HOMEPAGE "http://smartmontools.sourceforge.net/"
| #define PACKAGE "smartmontools"
| #define VERSION "6.2"
| #define STDC_HEADERS 1
| #define HAVE_SYS_TYPES_H 1
| #define HAVE_SYS_STAT_H 1
| #define HAVE_STDLIB_H 1
| #define HAVE_STRING_H 1
| #define HAVE_MEMORY_H 1
| #define HAVE_STRINGS_H 1
| #define HAVE_INTTYPES_H 1
| #define HAVE_STDINT_H 1
| #define HAVE_UNISTD_H 1
| #define HAVE_LOCALE_H 1
| #define HAVE_NETDB_H 1
| #define HAVE_INTTYPES_H 1
| #define HAVE_STDINT_H 1
| #define CISS_LOCATION "cissio_freebsd.h"
| #define HAVE_LINUX_CCISS_IOCTL_H 1
| #define HAVE_INT64_T 1
| #define HAVE_UINT64_T 1
| #define HAVE_GETOPT_LONG 1
| #define HAVE_REGCOMP 1
| #define HAVE_SIGSET 1
| #define HAVE_STRTOULL 1
| #define HAVE_UNAME 1
| #define HAVE_CLOCK_GETTIME 1
| #define HAVE_FTIME 1
| #define HAVE_GETTIMEOFDAY 1
| /* end confdefs.h.  */
| #include <sys/types.h>
| 		#include <sys/param.h>
| 
| int
| main ()
| {
| #if BYTE_ORDER != BIG_ENDIAN
| 		 not big endian
| 		#endif
| 
|   ;
|   return 0;
| }
configure:5826: result: no
configure:5846: checking for working snprintf
configure:5863: g++ -o conftest -m32  -m32 conftest.cpp  >&5
configure:5863: $? = 0
configure:5863: ./conftest
configure:5863: $? = 0
configure:5878: result: yes
configure:5884: checking whether g++ supports __attribute__((packed))
configure:5899: g++ -c -m32  conftest.cpp >&5
configure:5899: $? = 0
configure:5911: result: yes
configure:5931: checking for systemdsystemunitdir
configure:5934: result: no
configure:5967: checking for init (rc) directory
configure:5975: result: ${sysconfdir}/init.d
configure:6215: checking for capng_clear in -lcap-ng
configure:6240: g++ -o conftest -m32  -m32 conftest.cpp -lcap-ng   >&5
/usr/bin/ld: cannot find -lcap-ng
collect2: error: ld returned 1 exit status
configure:6240: $? = 1
configure: failed program was:
| /* confdefs.h */
| #define PACKAGE_NAME "smartmontools"
| #define PACKAGE_TARNAME "smartmontools"
| #define PACKAGE_VERSION "6.2"
| #define PACKAGE_STRING "smartmontools 6.2"
| #define PACKAGE_BUGREPORT "smartmontools-support@lists.sourceforge.net"
| #define PACKAGE_URL ""
| #define SMARTMONTOOLS_CONFIGURE_ARGS " 'CFLAGS=-m32' 'CXXFLAGS=-m32' 'LDFLAGS=-m32'"
| #define SMARTMONTOOLS_CONFIGURE_DATE "2013-10-29 13:12:23 UTC"
| #define SMARTMONTOOLS_RELEASE_DATE "2013-07-26"
| #define SMARTMONTOOLS_RELEASE_TIME "17:38:20 UTC"
| #define CONFIG_H_CVSID "$Id: configure.ac 3841 2013-07-26 17:38:57Z chrfranke $"
| #define PACKAGE_HOMEPAGE "http://smartmontools.sourceforge.net/"
| #define PACKAGE "smartmontools"
| #define VERSION "6.2"
| #define STDC_HEADERS 1
| #define HAVE_SYS_TYPES_H 1
| #define HAVE_SYS_STAT_H 1
| #define HAVE_STDLIB_H 1
| #define HAVE_STRING_H 1
| #define HAVE_MEMORY_H 1
| #define HAVE_STRINGS_H 1
| #define HAVE_INTTYPES_H 1
| #define HAVE_STDINT_H 1
| #define HAVE_UNISTD_H 1
| #define HAVE_LOCALE_H 1
| #define HAVE_NETDB_H 1
| #define HAVE_INTTYPES_H 1
| #define HAVE_STDINT_H 1
| #define CISS_LOCATION "cissio_freebsd.h"
| #define HAVE_LINUX_CCISS_IOCTL_H 1
| #define HAVE_INT64_T 1
| #define HAVE_UINT64_T 1
| #define HAVE_GETOPT_LONG 1
| #define HAVE_REGCOMP 1
| #define HAVE_SIGSET 1
| #define HAVE_STRTOULL 1
| #define HAVE_UNAME 1
| #define HAVE_CLOCK_GETTIME 1
| #define HAVE_FTIME 1
| #define HAVE_GETTIMEOFDAY 1
| #define HAVE_WORKING_SNPRINTF 1
| #define HAVE_ATTR_PACKED 1
| /* end confdefs.h.  */
| 
| /* Override any GCC internal prototype to avoid an error.
|    Use char because int might match the return type of a GCC
|    builtin and then its argument prototype would still apply.  */
| #ifdef __cplusplus
| extern "C"
| #endif
| char capng_clear ();
| int
| main ()
| {
| return capng_clear ();
|   ;
|   return 0;
| }
configure:6249: result: no
configure:6273: checking whether to use libcap-ng
configure:6284: result: no
configure:6433: checking whether os_linux.cpp uses new interface
configure:6444: result: yes
configure:6660: checking that generated files are newer than configure
configure:6666: result: done
configure:6762: creating ./config.status

## ---------------------- ##
## Running config.status. ##
## ---------------------- ##

This file was extended by smartmontools config.status 6.2, which was
generated by GNU Autoconf 2.69.  Invocation command line was

  CONFIG_FILES    = 
  CONFIG_HEADERS  = 
  CONFIG_LINKS    = 
  CONFIG_COMMANDS = 
  $ ./config.status 

on biostar

config.status:959: creating Makefile
config.status:959: creating config.h
config.status:1188: executing depfiles commands
configure:8078: checking whether make sets $(MAKE)
configure:8100: result: yes

## ---------------- ##
## Cache variables. ##
## ---------------- ##

ac_cv_build=x86_64-unknown-linux-gnu
ac_cv_c_bigendian=no
ac_cv_c_compiler_gnu=yes
ac_cv_cxx_compiler_gnu=yes
ac_cv_env_CCASFLAGS_set=
ac_cv_env_CCASFLAGS_value=
ac_cv_env_CCAS_set=
ac_cv_env_CCAS_value=
ac_cv_env_CCC_set=
ac_cv_env_CCC_value=
ac_cv_env_CC_set=
ac_cv_env_CC_value=
ac_cv_env_CFLAGS_set=set
ac_cv_env_CFLAGS_value=-m32
ac_cv_env_CPPFLAGS_set=
ac_cv_env_CPPFLAGS_value=
ac_cv_env_CXXCPP_set=
ac_cv_env_CXXCPP_value=
ac_cv_env_CXXFLAGS_set=set
ac_cv_env_CXXFLAGS_value=-m32
ac_cv_env_CXX_set=
ac_cv_env_CXX_value=
ac_cv_env_LDFLAGS_set=set
ac_cv_env_LDFLAGS_value=-m32
ac_cv_env_LIBS_set=
ac_cv_env_LIBS_value=
ac_cv_env_MAKENSIS_set=
ac_cv_env_MAKENSIS_value=
ac_cv_env_PKG_CONFIG_LIBDIR_set=
ac_cv_env_PKG_CONFIG_LIBDIR_value=
ac_cv_env_PKG_CONFIG_PATH_set=
ac_cv_env_PKG_CONFIG_PATH_value=
ac_cv_env_PKG_CONFIG_set=
ac_cv_env_PKG_CONFIG_value=
ac_cv_env_WINDMC_set=
ac_cv_env_WINDMC_value=
ac_cv_env_WINDRES_set=
ac_cv_env_WINDRES_value=
ac_cv_env_build_alias_set=
ac_cv_env_build_alias_value=
ac_cv_env_host_alias_set=
ac_cv_env_host_alias_value=
ac_cv_env_target_alias_set=
ac_cv_env_target_alias_value=
ac_cv_func_clock_gettime=yes
ac_cv_func_ftime=yes
ac_cv_func_getopt_long=yes
ac_cv_func_gettimeofday=yes
ac_cv_func_regcomp=yes
ac_cv_func_sigset=yes
ac_cv_func_strtoull=yes
ac_cv_func_uname=yes
ac_cv_header_ddk_ntdddisk_h=no
ac_cv_header_dev_ata_atavar_h=no
ac_cv_header_dev_ciss_cissio_h=no
ac_cv_header_inttypes_h=yes
ac_cv_header_linux_cciss_ioctl_h=yes
ac_cv_header_linux_compiler_h=no
ac_cv_header_locale_h=yes
ac_cv_header_memory_h=yes
ac_cv_header_netdb_h=yes
ac_cv_header_ntdddisk_h=no
ac_cv_header_stdc=yes
ac_cv_header_stdint_h=yes
ac_cv_header_stdlib_h=yes
ac_cv_header_string_h=yes
ac_cv_header_strings_h=yes
ac_cv_header_sys_int_types_h=no
ac_cv_header_sys_inttypes_h=no
ac_cv_header_sys_stat_h=yes
ac_cv_header_sys_tw_osl_ioctl_h=no
ac_cv_header_sys_tweio_h=no
ac_cv_header_sys_twereg_h=no
ac_cv_header_sys_types_h=yes
ac_cv_header_unistd_h=yes
ac_cv_header_wbemcli_h=no
ac_cv_host=x86_64-unknown-linux-gnu
ac_cv_lib_cap_ng_capng_clear=no
ac_cv_objext=o
ac_cv_path_EGREP='/bin/grep -E'
ac_cv_path_GREP=/bin/grep
ac_cv_path_ac_pt_PKG_CONFIG=/usr/bin/pkg-config
ac_cv_path_install='/usr/bin/install -c'
ac_cv_path_mkdir=/bin/mkdir
ac_cv_prog_AWK=gawk
ac_cv_prog_CXXCPP='g++ -E'
ac_cv_prog_ac_ct_CC=gcc
ac_cv_prog_ac_ct_CXX=g++
ac_cv_prog_cc_c89=
ac_cv_prog_cc_g=yes
ac_cv_prog_cxx_g=yes
ac_cv_prog_make_make_set=yes
ac_cv_type_int64_t=yes
ac_cv_type_uint64_t=yes
am_cv_CCAS_dependencies_compiler_type=gcc3
am_cv_CC_dependencies_compiler_type=gcc3
am_cv_CXX_dependencies_compiler_type=gcc3

## ----------------- ##
## Output variables. ##
## ----------------- ##

ACLOCAL='${SHELL} /home/star/Downloads/smartmontools-6.2/missing --run aclocal-1.12'
AMDEPBACKSLASH='\'
AMDEP_FALSE='#'
AMDEP_TRUE=''
AMTAR='$${TAR-tar}'
ASFLAGS=''
AUTOCONF='${SHELL} /home/star/Downloads/smartmontools-6.2/missing --run autoconf'
AUTOHEADER='${SHELL} /home/star/Downloads/smartmontools-6.2/missing --run autoheader'
AUTOMAKE='${SHELL} /home/star/Downloads/smartmontools-6.2/missing --run automake-1.12'
AWK='gawk'
CAPNG_LDADD=''
CC='gcc'
CCAS='gcc'
CCASDEPMODE='depmode=gcc3'
CCASFLAGS='-m32'
CCDEPMODE='depmode=gcc3'
CFLAGS='-m32'
CPPFLAGS=''
CXX='g++'
CXXCPP='g++ -E'
CXXDEPMODE='depmode=gcc3'
CXXFLAGS='-m32 -Wall -W'
CYGPATH_W='echo'
DEFS='-DHAVE_CONFIG_H'
DEPDIR='.deps'
DRIVEDB_BRANCH='RELEASE_6_2_DRIVEDB'
ECHO_C=''
ECHO_N='-n'
ECHO_T=''
EGREP='/bin/grep -E'
ENABLE_ATTRIBUTELOG_FALSE=''
ENABLE_ATTRIBUTELOG_TRUE='#'
ENABLE_CAPABILITIES_FALSE=''
ENABLE_CAPABILITIES_TRUE='#'
ENABLE_DRIVEDB_FALSE='#'
ENABLE_DRIVEDB_TRUE=''
ENABLE_SAVESTATES_FALSE=''
ENABLE_SAVESTATES_TRUE='#'
EXEEXT=''
GREP='/bin/grep'
INSTALL_DATA='${INSTALL} -m 644'
INSTALL_INITSCRIPT_FALSE='#'
INSTALL_INITSCRIPT_TRUE=''
INSTALL_PROGRAM='${INSTALL}'
INSTALL_SCRIPT='${INSTALL}'
INSTALL_STRIP_PROGRAM='$(install_sh) -c -s'
INSTALL_SYSTEMDUNIT_FALSE=''
INSTALL_SYSTEMDUNIT_TRUE='#'
IS_SVN_BUILD_FALSE=''
IS_SVN_BUILD_TRUE='#'
LDFLAGS='-m32'
LIBOBJS=''
LIBS=''
LTLIBOBJS=''
MAINT='#'
MAINTAINER_MODE_FALSE=''
MAINTAINER_MODE_TRUE='#'
MAKEINFO='${SHELL} /home/star/Downloads/smartmontools-6.2/missing --run makeinfo'
MAKENSIS=''
MKDIR_P='/bin/mkdir -p'
NEED_GETOPT_LONG_FALSE=''
NEED_GETOPT_LONG_TRUE='#'
NEED_REGEX_FALSE=''
NEED_REGEX_TRUE='#'
OBJEXT='o'
OS_DARWIN_FALSE=''
OS_DARWIN_TRUE='#'
OS_SOLARIS_FALSE=''
OS_SOLARIS_TRUE='#'
OS_WIN32_FALSE=''
OS_WIN32_MINGW_FALSE=''
OS_WIN32_MINGW_TRUE='#'
OS_WIN32_NSIS_FALSE=''
OS_WIN32_NSIS_TRUE='#'
OS_WIN32_TRUE='#'
OS_WIN64_FALSE=''
OS_WIN64_TRUE='#'
PACKAGE='smartmontools'
PACKAGE_BUGREPORT='smartmontools-support@lists.sourceforge.net'
PACKAGE_NAME='smartmontools'
PACKAGE_STRING='smartmontools 6.2'
PACKAGE_TARNAME='smartmontools'
PACKAGE_URL=''
PACKAGE_VERSION='6.2'
PATH_SEPARATOR=':'
PKG_CONFIG='/usr/bin/pkg-config'
PKG_CONFIG_LIBDIR=''
PKG_CONFIG_PATH=''
SET_MAKE=''
SHELL='/bin/bash'
STRIP=''
VERSION='6.2'
WINDMC=''
WINDRES=''
ac_ct_CC='gcc'
ac_ct_CXX='g++'
am__EXEEXT_FALSE=''
am__EXEEXT_TRUE='#'
am__fastdepCCAS_FALSE='#'
am__fastdepCCAS_TRUE=''
am__fastdepCC_FALSE='#'
am__fastdepCC_TRUE=''
am__fastdepCXX_FALSE='#'
am__fastdepCXX_TRUE=''
am__include='include'
am__isrc=''
am__leading_dot='.'
am__nodep='_no'
am__quote=''
am__tar='$${TAR-tar} chof - "$$tardir"'
am__untar='$${TAR-tar} xf -'
attributelog=''
attributelogdir=''
bindir='${exec_prefix}/bin'
build='x86_64-unknown-linux-gnu'
build_alias=''
build_cpu='x86_64'
build_os='linux-gnu'
build_vendor='unknown'
datadir='${datarootdir}'
datarootdir='${prefix}/share'
docdir='${datarootdir}/doc/${PACKAGE_TARNAME}'
drivedbdir='${datadir}/${PACKAGE}'
dvidir='${docdir}'
exampledir='${docdir}/examplescripts'
exec_prefix='${prefix}'
gcc_have_attr_packed='yes'
host='x86_64-unknown-linux-gnu'
host_alias=''
host_cpu='x86_64'
host_os='linux-gnu'
host_vendor='unknown'
htmldir='${docdir}'
includedir='${prefix}/include'
infodir='${datarootdir}/info'
initddir='${sysconfdir}/init.d'
initdfile='smartd.initd'
install_sh='${SHELL} /home/star/Downloads/smartmontools-6.2/install-sh'
libc_have_working_snprintf='yes'
libdir='${exec_prefix}/lib'
libexecdir='${exec_prefix}/libexec'
localedir='${datarootdir}/locale'
localstatedir='${prefix}/var'
mandir='${datarootdir}/man'
mkdir_p='$(MKDIR_P)'
oldincludedir='/usr/include'
os_deps='os_linux.o cciss.o dev_areca.o'
os_dltools='curl wget lynx'
os_dnsdomainname=''\''dnsdomainname'\'' '\''hostname -d'\'''
os_hostname=''\''hostname'\'''
os_libs=''
os_mailer='mail'
os_man_filter='Linux'
os_nisdomainname=''\''nisdomainname'\'' '\''hostname -y'\'' '\''domainname'\'''
pdfdir='${docdir}'
prefix='/usr/local'
program_transform_name='s,x,x,'
psdir='${docdir}'
releaseversion='${PACKAGE}-${VERSION}'
savestates=''
savestatesdir=''
sbindir='${exec_prefix}/sbin'
sharedstatedir='${prefix}/com'
smartd_suffix=''
smartmontools_release_date='2013-07-26'
smartmontools_release_time='17:38:20 UTC'
svn_deps=''
sysconfdir='${prefix}/etc'
systemdsystemunitdir=''
target_alias=''
with_selinux=''

## ----------- ##
## confdefs.h. ##
## ----------- ##

/* confdefs.h */
#define PACKAGE_NAME "smartmontools"
#define PACKAGE_TARNAME "smartmontools"
#define PACKAGE_VERSION "6.2"
#define PACKAGE_STRING "smartmontools 6.2"
#define PACKAGE_BUGREPORT "smartmontools-support@lists.sourceforge.net"
#define PACKAGE_URL ""
#define SMARTMONTOOLS_CONFIGURE_ARGS " 'CFLAGS=-m32' 'CXXFLAGS=-m32' 'LDFLAGS=-m32'"
#define SMARTMONTOOLS_CONFIGURE_DATE "2013-10-29 13:12:23 UTC"
#define SMARTMONTOOLS_RELEASE_DATE "2013-07-26"
#define SMARTMONTOOLS_RELEASE_TIME "17:38:20 UTC"
#define CONFIG_H_CVSID "$Id: configure.ac 3841 2013-07-26 17:38:57Z chrfranke $"
#define PACKAGE_HOMEPAGE "http://smartmontools.sourceforge.net/"
#define PACKAGE "smartmontools"
#define VERSION "6.2"
#define STDC_HEADERS 1
#define HAVE_SYS_TYPES_H 1
#define HAVE_SYS_STAT_H 1
#define HAVE_STDLIB_H 1
#define HAVE_STRING_H 1
#define HAVE_MEMORY_H 1
#define HAVE_STRINGS_H 1
#define HAVE_INTTYPES_H 1
#define HAVE_STDINT_H 1
#define HAVE_UNISTD_H 1
#define HAVE_LOCALE_H 1
#define HAVE_NETDB_H 1
#define HAVE_INTTYPES_H 1
#define HAVE_STDINT_H 1
#define CISS_LOCATION "cissio_freebsd.h"
#define HAVE_LINUX_CCISS_IOCTL_H 1
#define HAVE_INT64_T 1
#define HAVE_UINT64_T 1
#define HAVE_GETOPT_LONG 1
#define HAVE_REGCOMP 1
#define HAVE_SIGSET 1
#define HAVE_STRTOULL 1
#define HAVE_UNAME 1
#define HAVE_CLOCK_GETTIME 1
#define HAVE_FTIME 1
#define HAVE_GETTIMEOFDAY 1
#define HAVE_WORKING_SNPRINTF 1
#define HAVE_ATTR_PACKED 1
#define SMARTMONTOOLS_BUILD_HOST "x86_64-unknown-linux-gnu"

configure: exit 0
